2024-12-06 23:38:18,816 [Worker-1: Loading available Gradle versions] INFO  o.e.b.c.i.u.g.PublishedGradleVersions - Gradle version information cache is not available. Remote download required.
2024-12-06 23:43:44,735 [Worker-6: Import Getting Started Content] INFO  o.e.m.c.i.l.LifecycleMappingFactory - Using org.eclipse.m2e.jdt.JarLifecycleMapping lifecycle mapping for MavenProject: com.Gamers_Castle:Gamers_Castle_Backend:0.0.1-SNAPSHOT @ C:\Users\Admin\Desktop\Project_Gamers_Castle\Project_BackEnd\Gamers_Castle_Backend\pom.xml.
2024-12-06 23:43:47,501 [Worker-6: Import Getting Started Content] INFO  o.e.m.j.i.AbstractJavaProjectConfigurator - Adding source folder /Gamers_Castle_Backend/src/main/java
2024-12-06 23:43:47,505 [Worker-6: Import Getting Started Content] INFO  o.e.m.j.i.AbstractJavaProjectConfigurator - Adding resource folder /Gamers_Castle_Backend/src/main/resources
2024-12-06 23:43:47,527 [Worker-6: Import Getting Started Content] INFO  o.e.m.j.i.AbstractJavaProjectConfigurator - Adding resource folder /Gamers_Castle_Backend/src/main/resources
2024-12-06 23:43:47,547 [Worker-6: Import Getting Started Content] INFO  o.e.m.j.i.AbstractJavaProjectConfigurator - Adding source folder /Gamers_Castle_Backend/src/test/java
2024-12-06 23:43:47,550 [Worker-6: Import Getting Started Content] INFO  o.e.m.j.i.AbstractJavaProjectConfigurator - Adding resource folder /Gamers_Castle_Backend/src/test/resources
2024-12-06 23:43:49,770 [Worker-6: Import Getting Started Content] INFO  o.e.m.c.i.p.ProjectConfigurationManager - Imported and configured 1 project(s) in 7 sec
2024-12-06 23:43:49,776 [Worker-6: Import Getting Started Content] INFO  o.e.m.c.i.p.ProjectConfigurationManager - Update started
2024-12-06 23:43:50,788 [Worker-6: Import Getting Started Content] INFO  o.e.m.c.i.l.LifecycleMappingFactory - Using org.eclipse.m2e.jdt.JarLifecycleMapping lifecycle mapping for MavenProject: com.Gamers_Castle:Gamers_Castle_Backend:0.0.1-SNAPSHOT @ C:\Users\Admin\Desktop\Project_Gamers_Castle\Project_BackEnd\Gamers_Castle_Backend\pom.xml.
2024-12-06 23:43:52,851 [Worker-6: Import Getting Started Content] INFO  o.e.m.j.i.AbstractJavaProjectConfigurator - Adding source folder /Gamers_Castle_Backend/src/main/java
2024-12-06 23:43:52,853 [Worker-6: Import Getting Started Content] INFO  o.e.m.j.i.AbstractJavaProjectConfigurator - Adding resource folder /Gamers_Castle_Backend/src/main/resources
2024-12-06 23:43:52,854 [Worker-6: Import Getting Started Content] INFO  o.e.m.j.i.AbstractJavaProjectConfigurator - Adding resource folder /Gamers_Castle_Backend/src/main/resources
2024-12-06 23:43:52,855 [Worker-6: Import Getting Started Content] INFO  o.e.m.j.i.AbstractJavaProjectConfigurator - Adding source folder /Gamers_Castle_Backend/src/test/java
2024-12-06 23:43:52,856 [Worker-6: Import Getting Started Content] INFO  o.e.m.j.i.AbstractJavaProjectConfigurator - Adding resource folder /Gamers_Castle_Backend/src/test/resources
2024-12-06 23:43:54,524 [Worker-6: Import Getting Started Content] INFO  o.e.m.c.i.p.ProjectConfigurationManager - Update completed for 1 poms: local refresh takes 0.00 sec, refresh facades takes 2.00 sec, update config takes 1.00 sec 
2024-12-06 23:44:00,818 [Worker-15: Building] INFO  o.a.m.s.f.DefaultMavenResourcesFiltering - Copying 1 resource from src\main\resources to target\classes
2024-12-06 23:44:00,880 [Worker-15: Building] INFO  o.a.m.s.f.DefaultMavenResourcesFiltering - Copying 0 resource from src\main\resources to target\classes
2024-12-06 23:44:00,890 [Worker-15: Building] INFO  o.a.m.s.f.DefaultMavenResourcesFiltering - skip non existing resourceDirectory C:\Users\Admin\Desktop\Project_Gamers_Castle\Project_BackEnd\Gamers_Castle_Backend\src\test\resources
2024-12-06 23:47:57,258 [Worker-13: Building] INFO  o.e.m.c.i.l.LifecycleMappingFactory - Using org.eclipse.m2e.jdt.JarLifecycleMapping lifecycle mapping for MavenProject: com.Gamers_Castle:Gamers_Castle_Backend:0.0.1-SNAPSHOT @ C:\Users\Admin\Desktop\Project_Gamers_Castle\Project_BackEnd\Gamers_Castle_Backend\pom.xml.
2024-12-06 23:47:59,173 [Worker-13: Building] INFO  o.a.m.s.f.DefaultMavenResourcesFiltering - Copying 0 resource from src\main\resources to target\classes
2024-12-06 23:47:59,176 [Worker-13: Building] INFO  o.a.m.s.f.DefaultMavenResourcesFiltering - Copying 0 resource from src\main\resources to target\classes
2024-12-06 23:47:59,187 [Worker-13: Building] INFO  o.a.m.s.f.DefaultMavenResourcesFiltering - skip non existing resourceDirectory C:\Users\Admin\Desktop\Project_Gamers_Castle\Project_BackEnd\Gamers_Castle_Backend\src\test\resources
2024-12-06 23:48:00,306 [Worker-18: Building] INFO  o.a.m.s.f.DefaultMavenResourcesFiltering - Copying 1 resource from src\main\resources to target\classes
2024-12-06 23:48:00,337 [Worker-18: Building] INFO  o.a.m.s.f.DefaultMavenResourcesFiltering - Copying 0 resource from src\main\resources to target\classes
2024-12-06 23:48:00,343 [Worker-18: Building] INFO  o.a.m.s.f.DefaultMavenResourcesFiltering - skip non existing resourceDirectory C:\Users\Admin\Desktop\Project_Gamers_Castle\Project_BackEnd\Gamers_Castle_Backend\src\test\resources
2024-12-06 23:49:11,558 [Worker-20: Building] INFO  o.e.m.c.i.l.LifecycleMappingFactory - Using org.eclipse.m2e.jdt.JarLifecycleMapping lifecycle mapping for MavenProject: com.Gamers_Castle:Gamers_Castle_Backend:0.0.1-SNAPSHOT @ C:\Users\Admin\Desktop\Project_Gamers_Castle\Project_BackEnd\Gamers_Castle_Backend\pom.xml.
2024-12-06 23:49:13,571 [Worker-20: Building] INFO  o.a.m.s.f.DefaultMavenResourcesFiltering - Copying 0 resource from src\main\resources to target\classes
2024-12-06 23:49:13,573 [Worker-20: Building] INFO  o.a.m.s.f.DefaultMavenResourcesFiltering - Copying 0 resource from src\main\resources to target\classes
2024-12-06 23:49:13,581 [Worker-20: Building] INFO  o.a.m.s.f.DefaultMavenResourcesFiltering - skip non existing resourceDirectory C:\Users\Admin\Desktop\Project_Gamers_Castle\Project_BackEnd\Gamers_Castle_Backend\src\test\resources
2024-12-06 23:49:14,420 [Worker-20: Building] INFO  o.a.m.s.f.DefaultMavenResourcesFiltering - Copying 1 resource from src\main\resources to target\classes
2024-12-06 23:49:14,472 [Worker-20: Building] INFO  o.a.m.s.f.DefaultMavenResourcesFiltering - Copying 0 resource from src\main\resources to target\classes
2024-12-06 23:49:14,478 [Worker-20: Building] INFO  o.a.m.s.f.DefaultMavenResourcesFiltering - skip non existing resourceDirectory C:\Users\Admin\Desktop\Project_Gamers_Castle\Project_BackEnd\Gamers_Castle_Backend\src\test\resources
2024-12-06 23:49:27,296 [Worker-13: Updating Maven Project] INFO  o.e.m.c.i.p.ProjectConfigurationManager - Update started
2024-12-06 23:49:28,032 [Worker-13: Updating Maven Project] INFO  o.e.m.c.i.l.LifecycleMappingFactory - Using org.eclipse.m2e.jdt.JarLifecycleMapping lifecycle mapping for MavenProject: com.Gamers_Castle:Gamers_Castle_Backend:0.0.1-SNAPSHOT @ C:\Users\Admin\Desktop\Project_Gamers_Castle\Project_BackEnd\Gamers_Castle_Backend\pom.xml.
2024-12-06 23:49:29,550 [Worker-13: Updating Maven Project] INFO  o.e.m.j.i.AbstractJavaProjectConfigurator - Adding source folder /Gamers_Castle_Backend/src/main/java
2024-12-06 23:49:29,553 [Worker-13: Updating Maven Project] INFO  o.e.m.j.i.AbstractJavaProjectConfigurator - Adding resource folder /Gamers_Castle_Backend/src/main/resources
2024-12-06 23:49:29,554 [Worker-13: Updating Maven Project] INFO  o.e.m.j.i.AbstractJavaProjectConfigurator - Adding resource folder /Gamers_Castle_Backend/src/main/resources
2024-12-06 23:49:29,555 [Worker-13: Updating Maven Project] INFO  o.e.m.j.i.AbstractJavaProjectConfigurator - Adding source folder /Gamers_Castle_Backend/src/test/java
2024-12-06 23:49:29,557 [Worker-13: Updating Maven Project] INFO  o.e.m.j.i.AbstractJavaProjectConfigurator - Adding resource folder /Gamers_Castle_Backend/src/test/resources
2024-12-06 23:49:30,443 [Worker-13: Updating Maven Project] INFO  o.e.m.c.i.p.ProjectConfigurationManager - Update completed for 1 poms: local refresh takes 0.00 sec, refresh facades takes 2.00 sec, update config takes 0.00 sec 
2024-12-06 23:49:31,092 [Worker-6: Building] INFO  o.a.m.s.f.DefaultMavenResourcesFiltering - Copying 1 resource from src\main\resources to target\classes
2024-12-06 23:49:31,136 [Worker-6: Building] INFO  o.a.m.s.f.DefaultMavenResourcesFiltering - Copying 0 resource from src\main\resources to target\classes
2024-12-06 23:49:31,146 [Worker-6: Building] INFO  o.a.m.s.f.DefaultMavenResourcesFiltering - skip non existing resourceDirectory C:\Users\Admin\Desktop\Project_Gamers_Castle\Project_BackEnd\Gamers_Castle_Backend\src\test\resources
2024-12-06 23:49:45,594 [Worker-13: Updating Maven Project] INFO  o.e.m.c.i.p.ProjectConfigurationManager - Update started
2024-12-06 23:49:46,277 [Worker-13: Updating Maven Project] INFO  o.e.m.c.i.l.LifecycleMappingFactory - Using org.eclipse.m2e.jdt.JarLifecycleMapping lifecycle mapping for MavenProject: com.Gamers_Castle:Gamers_Castle_Backend:0.0.1-SNAPSHOT @ C:\Users\Admin\Desktop\Project_Gamers_Castle\Project_BackEnd\Gamers_Castle_Backend\pom.xml.
2024-12-06 23:49:47,821 [Worker-13: Updating Maven Project] INFO  o.e.m.j.i.AbstractJavaProjectConfigurator - Adding source folder /Gamers_Castle_Backend/src/main/java
2024-12-06 23:49:47,822 [Worker-13: Updating Maven Project] INFO  o.e.m.j.i.AbstractJavaProjectConfigurator - Adding resource folder /Gamers_Castle_Backend/src/main/resources
2024-12-06 23:49:47,824 [Worker-13: Updating Maven Project] INFO  o.e.m.j.i.AbstractJavaProjectConfigurator - Adding resource folder /Gamers_Castle_Backend/src/main/resources
2024-12-06 23:49:47,825 [Worker-13: Updating Maven Project] INFO  o.e.m.j.i.AbstractJavaProjectConfigurator - Adding source folder /Gamers_Castle_Backend/src/test/java
2024-12-06 23:49:47,826 [Worker-13: Updating Maven Project] INFO  o.e.m.j.i.AbstractJavaProjectConfigurator - Adding resource folder /Gamers_Castle_Backend/src/test/resources
2024-12-06 23:49:48,534 [Worker-13: Updating Maven Project] INFO  o.e.m.c.i.p.ProjectConfigurationManager - Update completed for 1 poms: local refresh takes 0.00 sec, refresh facades takes 2.00 sec, update config takes 0.00 sec 
2024-12-06 23:49:49,081 [Worker-6: Building] INFO  o.a.m.s.f.DefaultMavenResourcesFiltering - Copying 1 resource from src\main\resources to target\classes
2024-12-06 23:49:49,111 [Worker-6: Building] INFO  o.a.m.s.f.DefaultMavenResourcesFiltering - Copying 0 resource from src\main\resources to target\classes
2024-12-06 23:49:49,128 [Worker-6: Building] INFO  o.a.m.s.f.DefaultMavenResourcesFiltering - skip non existing resourceDirectory C:\Users\Admin\Desktop\Project_Gamers_Castle\Project_BackEnd\Gamers_Castle_Backend\src\test\resources
2024-12-06 23:50:12,876 [main] INFO  o.e.m2e.actions.ExecutePomAction - Creating new launch configuration
2024-12-06 23:50:20,349 [Worker-19: Launching Gamers_Castle_Backend] INFO  o.eclipse.m2e.core.internal.Bundles - getClasspathEntries(Bundle=org.eclipse.m2e.maven.runtime_3.9.900.20240824-1409 [360])
2024-12-06 23:50:20,353 [Worker-19: Launching Gamers_Castle_Backend] INFO  o.eclipse.m2e.core.internal.Bundles - 	Entry: C:\Users\Admin\Downloads\sts-4.26.0.RELEASE\plugins\org.eclipse.m2e.maven.runtime_3.9.900.20240824-1409
2024-12-06 23:50:20,354 [Worker-19: Launching Gamers_Castle_Backend] INFO  o.eclipse.m2e.core.internal.Bundles - 	Entry: C:\Users\Admin\Downloads\sts-4.26.0.RELEASE\plugins\org.eclipse.m2e.maven.runtime_3.9.900.20240824-1409\jars\aopalliance-1.0.jar
2024-12-06 23:50:20,354 [Worker-19: Launching Gamers_Castle_Backend] INFO  o.eclipse.m2e.core.internal.Bundles - 	Entry: C:\Users\Admin\Downloads\sts-4.26.0.RELEASE\plugins\org.eclipse.m2e.maven.runtime_3.9.900.20240824-1409\jars\guice-5.1.0.jar
2024-12-06 23:50:20,355 [Worker-19: Launching Gamers_Castle_Backend] INFO  o.eclipse.m2e.core.internal.Bundles - 	Entry: C:\Users\Admin\Downloads\sts-4.26.0.RELEASE\plugins\org.eclipse.m2e.maven.runtime_3.9.900.20240824-1409\jars\httpclient-4.5.14.jar
2024-12-06 23:50:20,355 [Worker-19: Launching Gamers_Castle_Backend] INFO  o.eclipse.m2e.core.internal.Bundles - 	Entry: C:\Users\Admin\Downloads\sts-4.26.0.RELEASE\plugins\org.eclipse.m2e.maven.runtime_3.9.900.20240824-1409\jars\httpcore-4.4.16.jar
2024-12-06 23:50:20,355 [Worker-19: Launching Gamers_Castle_Backend] INFO  o.eclipse.m2e.core.internal.Bundles - 	Entry: C:\Users\Admin\Downloads\sts-4.26.0.RELEASE\plugins\org.eclipse.m2e.maven.runtime_3.9.900.20240824-1409\jars\jansi-2.4.1.jar
2024-12-06 23:50:20,356 [Worker-19: Launching Gamers_Castle_Backend] INFO  o.eclipse.m2e.core.internal.Bundles - 	Entry: C:\Users\Admin\Downloads\sts-4.26.0.RELEASE\plugins\org.eclipse.m2e.maven.runtime_3.9.900.20240824-1409\jars\jcl-over-slf4j-1.7.36.jar
2024-12-06 23:50:20,356 [Worker-19: Launching Gamers_Castle_Backend] INFO  o.eclipse.m2e.core.internal.Bundles - 	Entry: C:\Users\Admin\Downloads\sts-4.26.0.RELEASE\plugins\org.eclipse.m2e.maven.runtime_3.9.900.20240824-1409\jars\maven-artifact-3.9.9.jar
2024-12-06 23:50:20,356 [Worker-19: Launching Gamers_Castle_Backend] INFO  o.eclipse.m2e.core.internal.Bundles - 	Entry: C:\Users\Admin\Downloads\sts-4.26.0.RELEASE\plugins\org.eclipse.m2e.maven.runtime_3.9.900.20240824-1409\jars\maven-builder-support-3.9.9.jar
2024-12-06 23:50:20,357 [Worker-19: Launching Gamers_Castle_Backend] INFO  o.eclipse.m2e.core.internal.Bundles - 	Entry: C:\Users\Admin\Downloads\sts-4.26.0.RELEASE\plugins\org.eclipse.m2e.maven.runtime_3.9.900.20240824-1409\jars\maven-compat-3.9.9.jar
2024-12-06 23:50:20,357 [Worker-19: Launching Gamers_Castle_Backend] INFO  o.eclipse.m2e.core.internal.Bundles - 	Entry: C:\Users\Admin\Downloads\sts-4.26.0.RELEASE\plugins\org.eclipse.m2e.maven.runtime_3.9.900.20240824-1409\jars\maven-core-3.9.9.jar
2024-12-06 23:50:20,357 [Worker-19: Launching Gamers_Castle_Backend] INFO  o.eclipse.m2e.core.internal.Bundles - 	Entry: C:\Users\Admin\Downloads\sts-4.26.0.RELEASE\plugins\org.eclipse.m2e.maven.runtime_3.9.900.20240824-1409\jars\maven-embedder-3.9.9.jar
2024-12-06 23:50:20,357 [Worker-19: Launching Gamers_Castle_Backend] INFO  o.eclipse.m2e.core.internal.Bundles - 	Entry: C:\Users\Admin\Downloads\sts-4.26.0.RELEASE\plugins\org.eclipse.m2e.maven.runtime_3.9.900.20240824-1409\jars\maven-model-3.9.9.jar
2024-12-06 23:50:20,358 [Worker-19: Launching Gamers_Castle_Backend] INFO  o.eclipse.m2e.core.internal.Bundles - 	Entry: C:\Users\Admin\Downloads\sts-4.26.0.RELEASE\plugins\org.eclipse.m2e.maven.runtime_3.9.900.20240824-1409\jars\maven-model-builder-3.9.9.jar
2024-12-06 23:50:20,358 [Worker-19: Launching Gamers_Castle_Backend] INFO  o.eclipse.m2e.core.internal.Bundles - 	Entry: C:\Users\Admin\Downloads\sts-4.26.0.RELEASE\plugins\org.eclipse.m2e.maven.runtime_3.9.900.20240824-1409\jars\maven-plugin-api-3.9.9.jar
2024-12-06 23:50:20,358 [Worker-19: Launching Gamers_Castle_Backend] INFO  o.eclipse.m2e.core.internal.Bundles - 	Entry: C:\Users\Admin\Downloads\sts-4.26.0.RELEASE\plugins\org.eclipse.m2e.maven.runtime_3.9.900.20240824-1409\jars\maven-repository-metadata-3.9.9.jar
2024-12-06 23:50:20,359 [Worker-19: Launching Gamers_Castle_Backend] INFO  o.eclipse.m2e.core.internal.Bundles - 	Entry: C:\Users\Admin\Downloads\sts-4.26.0.RELEASE\plugins\org.eclipse.m2e.maven.runtime_3.9.900.20240824-1409\jars\maven-resolver-api-1.9.22.jar
2024-12-06 23:50:20,359 [Worker-19: Launching Gamers_Castle_Backend] INFO  o.eclipse.m2e.core.internal.Bundles - 	Entry: C:\Users\Admin\Downloads\sts-4.26.0.RELEASE\plugins\org.eclipse.m2e.maven.runtime_3.9.900.20240824-1409\jars\maven-resolver-connector-basic-1.9.22.jar
2024-12-06 23:50:20,359 [Worker-19: Launching Gamers_Castle_Backend] INFO  o.eclipse.m2e.core.internal.Bundles - 	Entry: C:\Users\Admin\Downloads\sts-4.26.0.RELEASE\plugins\org.eclipse.m2e.maven.runtime_3.9.900.20240824-1409\jars\maven-resolver-impl-1.9.22.jar
2024-12-06 23:50:20,359 [Worker-19: Launching Gamers_Castle_Backend] INFO  o.eclipse.m2e.core.internal.Bundles - 	Entry: C:\Users\Admin\Downloads\sts-4.26.0.RELEASE\plugins\org.eclipse.m2e.maven.runtime_3.9.900.20240824-1409\jars\maven-resolver-named-locks-1.9.22.jar
2024-12-06 23:50:20,360 [Worker-19: Launching Gamers_Castle_Backend] INFO  o.eclipse.m2e.core.internal.Bundles - 	Entry: C:\Users\Admin\Downloads\sts-4.26.0.RELEASE\plugins\org.eclipse.m2e.maven.runtime_3.9.900.20240824-1409\jars\maven-resolver-provider-3.9.9.jar
2024-12-06 23:50:20,360 [Worker-19: Launching Gamers_Castle_Backend] INFO  o.eclipse.m2e.core.internal.Bundles - 	Entry: C:\Users\Admin\Downloads\sts-4.26.0.RELEASE\plugins\org.eclipse.m2e.maven.runtime_3.9.900.20240824-1409\jars\maven-resolver-spi-1.9.22.jar
2024-12-06 23:50:20,360 [Worker-19: Launching Gamers_Castle_Backend] INFO  o.eclipse.m2e.core.internal.Bundles - 	Entry: C:\Users\Admin\Downloads\sts-4.26.0.RELEASE\plugins\org.eclipse.m2e.maven.runtime_3.9.900.20240824-1409\jars\maven-resolver-transport-file-1.9.22.jar
2024-12-06 23:50:20,361 [Worker-19: Launching Gamers_Castle_Backend] INFO  o.eclipse.m2e.core.internal.Bundles - 	Entry: C:\Users\Admin\Downloads\sts-4.26.0.RELEASE\plugins\org.eclipse.m2e.maven.runtime_3.9.900.20240824-1409\jars\maven-resolver-transport-http-1.9.22.jar
2024-12-06 23:50:20,361 [Worker-19: Launching Gamers_Castle_Backend] INFO  o.eclipse.m2e.core.internal.Bundles - 	Entry: C:\Users\Admin\Downloads\sts-4.26.0.RELEASE\plugins\org.eclipse.m2e.maven.runtime_3.9.900.20240824-1409\jars\maven-resolver-transport-wagon-1.9.22.jar
2024-12-06 23:50:20,361 [Worker-19: Launching Gamers_Castle_Backend] INFO  o.eclipse.m2e.core.internal.Bundles - 	Entry: C:\Users\Admin\Downloads\sts-4.26.0.RELEASE\plugins\org.eclipse.m2e.maven.runtime_3.9.900.20240824-1409\jars\maven-resolver-util-1.9.22.jar
2024-12-06 23:50:20,362 [Worker-19: Launching Gamers_Castle_Backend] INFO  o.eclipse.m2e.core.internal.Bundles - 	Entry: C:\Users\Admin\Downloads\sts-4.26.0.RELEASE\plugins\org.eclipse.m2e.maven.runtime_3.9.900.20240824-1409\jars\maven-settings-3.9.9.jar
2024-12-06 23:50:20,362 [Worker-19: Launching Gamers_Castle_Backend] INFO  o.eclipse.m2e.core.internal.Bundles - 	Entry: C:\Users\Admin\Downloads\sts-4.26.0.RELEASE\plugins\org.eclipse.m2e.maven.runtime_3.9.900.20240824-1409\jars\maven-settings-builder-3.9.9.jar
2024-12-06 23:50:20,362 [Worker-19: Launching Gamers_Castle_Backend] INFO  o.eclipse.m2e.core.internal.Bundles - 	Entry: C:\Users\Admin\Downloads\sts-4.26.0.RELEASE\plugins\org.eclipse.m2e.maven.runtime_3.9.900.20240824-1409\jars\maven-shared-utils-3.4.2.jar
2024-12-06 23:50:20,362 [Worker-19: Launching Gamers_Castle_Backend] INFO  o.eclipse.m2e.core.internal.Bundles - 	Entry: C:\Users\Admin\Downloads\sts-4.26.0.RELEASE\plugins\org.eclipse.m2e.maven.runtime_3.9.900.20240824-1409\jars\org.eclipse.sisu.inject-0.9.0.M3.jar
2024-12-06 23:50:20,363 [Worker-19: Launching Gamers_Castle_Backend] INFO  o.eclipse.m2e.core.internal.Bundles - 	Entry: C:\Users\Admin\Downloads\sts-4.26.0.RELEASE\plugins\org.eclipse.m2e.maven.runtime_3.9.900.20240824-1409\jars\org.eclipse.sisu.plexus-0.9.0.M3.jar
2024-12-06 23:50:20,363 [Worker-19: Launching Gamers_Castle_Backend] INFO  o.eclipse.m2e.core.internal.Bundles - 	Entry: C:\Users\Admin\Downloads\sts-4.26.0.RELEASE\plugins\org.eclipse.m2e.maven.runtime_3.9.900.20240824-1409\jars\plexus-build-api-0.0.7.jar
2024-12-06 23:50:20,363 [Worker-19: Launching Gamers_Castle_Backend] INFO  o.eclipse.m2e.core.internal.Bundles - 	Entry: C:\Users\Admin\Downloads\sts-4.26.0.RELEASE\plugins\org.eclipse.m2e.maven.runtime_3.9.900.20240824-1409\jars\plexus-build-api-1.2.0.jar
2024-12-06 23:50:20,363 [Worker-19: Launching Gamers_Castle_Backend] INFO  o.eclipse.m2e.core.internal.Bundles - 	Entry: C:\Users\Admin\Downloads\sts-4.26.0.RELEASE\plugins\org.eclipse.m2e.maven.runtime_3.9.900.20240824-1409\jars\plexus-cipher-2.0.jar
2024-12-06 23:50:20,369 [Worker-19: Launching Gamers_Castle_Backend] INFO  o.eclipse.m2e.core.internal.Bundles - 	Entry: C:\Users\Admin\Downloads\sts-4.26.0.RELEASE\plugins\org.eclipse.m2e.maven.runtime_3.9.900.20240824-1409\jars\plexus-classworlds-2.8.0.jar
2024-12-06 23:50:20,371 [Worker-19: Launching Gamers_Castle_Backend] INFO  o.eclipse.m2e.core.internal.Bundles - 	Entry: C:\Users\Admin\Downloads\sts-4.26.0.RELEASE\plugins\org.eclipse.m2e.maven.runtime_3.9.900.20240824-1409\jars\plexus-component-annotations-2.1.0.jar
2024-12-06 23:50:20,371 [Worker-19: Launching Gamers_Castle_Backend] INFO  o.eclipse.m2e.core.internal.Bundles - 	Entry: C:\Users\Admin\Downloads\sts-4.26.0.RELEASE\plugins\org.eclipse.m2e.maven.runtime_3.9.900.20240824-1409\jars\plexus-interpolation-1.27.jar
2024-12-06 23:50:20,372 [Worker-19: Launching Gamers_Castle_Backend] INFO  o.eclipse.m2e.core.internal.Bundles - 	Entry: C:\Users\Admin\Downloads\sts-4.26.0.RELEASE\plugins\org.eclipse.m2e.maven.runtime_3.9.900.20240824-1409\jars\plexus-sec-dispatcher-2.0.jar
2024-12-06 23:50:20,373 [Worker-19: Launching Gamers_Castle_Backend] INFO  o.eclipse.m2e.core.internal.Bundles - 	Entry: C:\Users\Admin\Downloads\sts-4.26.0.RELEASE\plugins\org.eclipse.m2e.maven.runtime_3.9.900.20240824-1409\jars\plexus-utils-3.5.1.jar
2024-12-06 23:50:20,374 [Worker-19: Launching Gamers_Castle_Backend] INFO  o.eclipse.m2e.core.internal.Bundles - 	Entry: C:\Users\Admin\Downloads\sts-4.26.0.RELEASE\plugins\org.eclipse.m2e.maven.runtime_3.9.900.20240824-1409\jars\plexus-xml-3.0.1.jar
2024-12-06 23:50:20,374 [Worker-19: Launching Gamers_Castle_Backend] INFO  o.eclipse.m2e.core.internal.Bundles - 	Entry: C:\Users\Admin\Downloads\sts-4.26.0.RELEASE\plugins\org.eclipse.m2e.maven.runtime_3.9.900.20240824-1409\jars\wagon-file-3.5.3.jar
2024-12-06 23:50:20,375 [Worker-19: Launching Gamers_Castle_Backend] INFO  o.eclipse.m2e.core.internal.Bundles - 	Entry: C:\Users\Admin\Downloads\sts-4.26.0.RELEASE\plugins\org.eclipse.m2e.maven.runtime_3.9.900.20240824-1409\jars\wagon-http-3.5.3.jar
2024-12-06 23:50:20,375 [Worker-19: Launching Gamers_Castle_Backend] INFO  o.eclipse.m2e.core.internal.Bundles - 	Entry: C:\Users\Admin\Downloads\sts-4.26.0.RELEASE\plugins\org.eclipse.m2e.maven.runtime_3.9.900.20240824-1409\jars\wagon-http-shared-3.5.3.jar
2024-12-06 23:50:20,375 [Worker-19: Launching Gamers_Castle_Backend] INFO  o.eclipse.m2e.core.internal.Bundles - 	Entry: C:\Users\Admin\Downloads\sts-4.26.0.RELEASE\plugins\org.eclipse.m2e.maven.runtime_3.9.900.20240824-1409\jars\wagon-provider-api-3.5.3.jar
2024-12-06 23:50:20,379 [Worker-19: Launching Gamers_Castle_Backend] INFO  o.eclipse.m2e.core.internal.Bundles - getClasspathEntries(Bundle=com.google.guava_33.3.0.jre [29])
2024-12-06 23:50:20,380 [Worker-19: Launching Gamers_Castle_Backend] INFO  o.eclipse.m2e.core.internal.Bundles - 	Entry: C:\Users\Admin\Downloads\sts-4.26.0.RELEASE\plugins\com.google.guava_33.3.0.jre.jar
2024-12-06 23:50:20,380 [Worker-19: Launching Gamers_Castle_Backend] INFO  o.eclipse.m2e.core.internal.Bundles - getClasspathEntries(Bundle=slf4j.api_2.0.16 [593])
2024-12-06 23:50:20,381 [Worker-19: Launching Gamers_Castle_Backend] INFO  o.eclipse.m2e.core.internal.Bundles - 	Entry: C:\Users\Admin\Downloads\sts-4.26.0.RELEASE\plugins\slf4j.api_2.0.16.jar
2024-12-06 23:50:20,381 [Worker-19: Launching Gamers_Castle_Backend] INFO  o.eclipse.m2e.core.internal.Bundles - getClasspathEntries(Bundle=jakarta.inject.jakarta.inject-api_1.0.5 [45])
2024-12-06 23:50:20,382 [Worker-19: Launching Gamers_Castle_Backend] INFO  o.eclipse.m2e.core.internal.Bundles - 	Entry: C:\Users\Admin\Downloads\sts-4.26.0.RELEASE\plugins\jakarta.inject.jakarta.inject-api_1.0.5.jar
2024-12-06 23:50:20,382 [Worker-19: Launching Gamers_Castle_Backend] INFO  o.eclipse.m2e.core.internal.Bundles - getClasspathEntries(Bundle=jakarta.annotation-api_1.3.5 [41])
2024-12-06 23:50:20,382 [Worker-19: Launching Gamers_Castle_Backend] INFO  o.eclipse.m2e.core.internal.Bundles - 	Entry: C:\Users\Admin\Downloads\sts-4.26.0.RELEASE\plugins\jakarta.annotation-api_1.3.5.jar
2024-12-06 23:50:20,382 [Worker-19: Launching Gamers_Castle_Backend] INFO  o.eclipse.m2e.core.internal.Bundles - getClasspathEntries(Bundle=org.apache.commons.cli_1.9.0 [77])
2024-12-06 23:50:20,383 [Worker-19: Launching Gamers_Castle_Backend] INFO  o.eclipse.m2e.core.internal.Bundles - 	Entry: C:\Users\Admin\Downloads\sts-4.26.0.RELEASE\plugins\org.apache.commons.cli_1.9.0.jar
2024-12-06 23:50:20,383 [Worker-19: Launching Gamers_Castle_Backend] INFO  o.eclipse.m2e.core.internal.Bundles - getClasspathEntries(Bundle=org.apache.commons.commons-codec_1.16.0 [80])
2024-12-06 23:50:20,384 [Worker-19: Launching Gamers_Castle_Backend] INFO  o.eclipse.m2e.core.internal.Bundles - 	Entry: C:\Users\Admin\Downloads\sts-4.26.0.RELEASE\plugins\org.apache.commons.commons-codec_1.16.0.jar
2024-12-06 23:50:20,385 [Worker-19: Launching Gamers_Castle_Backend] INFO  o.eclipse.m2e.core.internal.Bundles - getClasspathEntries(Bundle=com.google.guava.failureaccess_1.0.2 [30])
2024-12-06 23:50:20,386 [Worker-19: Launching Gamers_Castle_Backend] INFO  o.eclipse.m2e.core.internal.Bundles - 	Entry: C:\Users\Admin\Downloads\sts-4.26.0.RELEASE\plugins\com.google.guava.failureaccess_1.0.2.jar
2024-12-06 23:50:20,394 [Worker-19: Launching Gamers_Castle_Backend] INFO  o.e.m.i.launch.MavenLaunchDelegate - Run build in "C:\Users\Admin\Desktop\Project_Gamers_Castle\Project_BackEnd\Gamers_Castle_Backend":
2024-12-06 23:50:20,400 [Worker-19: Launching Gamers_Castle_Backend] INFO  o.e.m.i.launch.MavenLaunchDelegate -  mvn  -Ppom.xml -B -Dmaven.test.skip=true -DskipTests -Dstyle.color=always clean compile
2024-12-06 23:50:58,824 [Worker-18: Building] INFO  o.a.m.s.f.DefaultMavenResourcesFiltering - Copying 1 resource from src\main\resources to target\classes
2024-12-06 23:50:58,846 [Worker-18: Building] INFO  o.a.m.s.f.DefaultMavenResourcesFiltering - Copying 0 resource from src\main\resources to target\classes
2024-12-06 23:50:58,851 [Worker-18: Building] INFO  o.a.m.s.f.DefaultMavenResourcesFiltering - skip non existing resourceDirectory C:\Users\Admin\Desktop\Project_Gamers_Castle\Project_BackEnd\Gamers_Castle_Backend\src\test\resources
2024-12-06 23:51:53,207 [Worker-17: Building] INFO  o.a.m.s.f.DefaultMavenResourcesFiltering - Copying 1 resource from src\main\resources to target\classes
2024-12-06 23:51:53,215 [Worker-17: Building] INFO  o.a.m.s.f.DefaultMavenResourcesFiltering - Copying 0 resource from src\main\resources to target\classes
2024-12-06 23:51:53,225 [Worker-17: Building] INFO  o.a.m.s.f.DefaultMavenResourcesFiltering - skip non existing resourceDirectory C:\Users\Admin\Desktop\Project_Gamers_Castle\Project_BackEnd\Gamers_Castle_Backend\src\test\resources
2024-12-06 23:54:03,542 [Worker-6: Building] INFO  o.a.m.s.f.DefaultMavenResourcesFiltering - Copying 1 resource from src\main\resources to target\classes
2024-12-06 23:54:03,569 [Worker-6: Building] INFO  o.a.m.s.f.DefaultMavenResourcesFiltering - Copying 0 resource from src\main\resources to target\classes
2024-12-06 23:54:03,575 [Worker-6: Building] INFO  o.a.m.s.f.DefaultMavenResourcesFiltering - skip non existing resourceDirectory C:\Users\Admin\Desktop\Project_Gamers_Castle\Project_BackEnd\Gamers_Castle_Backend\src\test\resources
2024-12-06 23:55:53,393 [Worker-19: Building] INFO  o.a.m.s.f.DefaultMavenResourcesFiltering - Copying 1 resource from src\main\resources to target\classes
2024-12-06 23:55:53,400 [Worker-19: Building] INFO  o.a.m.s.f.DefaultMavenResourcesFiltering - Copying 0 resource from src\main\resources to target\classes
2024-12-06 23:55:53,406 [Worker-19: Building] INFO  o.a.m.s.f.DefaultMavenResourcesFiltering - skip non existing resourceDirectory C:\Users\Admin\Desktop\Project_Gamers_Castle\Project_BackEnd\Gamers_Castle_Backend\src\test\resources
2024-12-06 23:56:53,863 [Worker-20: Building] INFO  o.a.m.s.f.DefaultMavenResourcesFiltering - Copying 1 resource from src\main\resources to target\classes
2024-12-06 23:56:53,869 [Worker-20: Building] INFO  o.a.m.s.f.DefaultMavenResourcesFiltering - Copying 0 resource from src\main\resources to target\classes
2024-12-06 23:56:53,875 [Worker-20: Building] INFO  o.a.m.s.f.DefaultMavenResourcesFiltering - skip non existing resourceDirectory C:\Users\Admin\Desktop\Project_Gamers_Castle\Project_BackEnd\Gamers_Castle_Backend\src\test\resources
2024-12-06 23:57:20,584 [Worker-18: Building] INFO  o.a.m.s.f.DefaultMavenResourcesFiltering - Copying 1 resource from src\main\resources to target\classes
2024-12-06 23:57:20,591 [Worker-18: Building] INFO  o.a.m.s.f.DefaultMavenResourcesFiltering - Copying 0 resource from src\main\resources to target\classes
2024-12-06 23:57:20,596 [Worker-18: Building] INFO  o.a.m.s.f.DefaultMavenResourcesFiltering - skip non existing resourceDirectory C:\Users\Admin\Desktop\Project_Gamers_Castle\Project_BackEnd\Gamers_Castle_Backend\src\test\resources
2024-12-06 23:57:59,146 [Worker-18: Building] INFO  o.a.m.s.f.DefaultMavenResourcesFiltering - Copying 1 resource from src\main\resources to target\classes
2024-12-06 23:57:59,153 [Worker-18: Building] INFO  o.a.m.s.f.DefaultMavenResourcesFiltering - Copying 0 resource from src\main\resources to target\classes
2024-12-06 23:57:59,159 [Worker-18: Building] INFO  o.a.m.s.f.DefaultMavenResourcesFiltering - skip non existing resourceDirectory C:\Users\Admin\Desktop\Project_Gamers_Castle\Project_BackEnd\Gamers_Castle_Backend\src\test\resources
2024-12-06 23:58:33,505 [Worker-19: Building] INFO  o.a.m.s.f.DefaultMavenResourcesFiltering - Copying 1 resource from src\main\resources to target\classes
2024-12-06 23:58:33,512 [Worker-19: Building] INFO  o.a.m.s.f.DefaultMavenResourcesFiltering - Copying 0 resource from src\main\resources to target\classes
2024-12-06 23:58:33,518 [Worker-19: Building] INFO  o.a.m.s.f.DefaultMavenResourcesFiltering - skip non existing resourceDirectory C:\Users\Admin\Desktop\Project_Gamers_Castle\Project_BackEnd\Gamers_Castle_Backend\src\test\resources
2024-12-07 00:00:09,547 [Worker-6: Building] INFO  o.a.m.s.f.DefaultMavenResourcesFiltering - Copying 1 resource from src\main\resources to target\classes
2024-12-07 00:00:09,571 [Worker-6: Building] INFO  o.a.m.s.f.DefaultMavenResourcesFiltering - Copying 0 resource from src\main\resources to target\classes
2024-12-07 00:00:09,576 [Worker-6: Building] INFO  o.a.m.s.f.DefaultMavenResourcesFiltering - skip non existing resourceDirectory C:\Users\Admin\Desktop\Project_Gamers_Castle\Project_BackEnd\Gamers_Castle_Backend\src\test\resources
2024-12-07 00:00:23,157 [Worker-13: Building] INFO  o.a.m.s.f.DefaultMavenResourcesFiltering - Copying 1 resource from src\main\resources to target\classes
2024-12-07 00:00:23,163 [Worker-13: Building] INFO  o.a.m.s.f.DefaultMavenResourcesFiltering - Copying 0 resource from src\main\resources to target\classes
2024-12-07 00:00:23,171 [Worker-13: Building] INFO  o.a.m.s.f.DefaultMavenResourcesFiltering - skip non existing resourceDirectory C:\Users\Admin\Desktop\Project_Gamers_Castle\Project_BackEnd\Gamers_Castle_Backend\src\test\resources
2024-12-07 00:00:34,207 [Worker-18: Building] INFO  o.a.m.s.f.DefaultMavenResourcesFiltering - Copying 1 resource from src\main\resources to target\classes
2024-12-07 00:00:34,217 [Worker-18: Building] INFO  o.a.m.s.f.DefaultMavenResourcesFiltering - Copying 0 resource from src\main\resources to target\classes
2024-12-07 00:00:34,223 [Worker-18: Building] INFO  o.a.m.s.f.DefaultMavenResourcesFiltering - skip non existing resourceDirectory C:\Users\Admin\Desktop\Project_Gamers_Castle\Project_BackEnd\Gamers_Castle_Backend\src\test\resources
2024-12-07 00:00:43,375 [Worker-13: Building] INFO  o.a.m.s.f.DefaultMavenResourcesFiltering - Copying 1 resource from src\main\resources to target\classes
2024-12-07 00:00:43,394 [Worker-13: Building] INFO  o.a.m.s.f.DefaultMavenResourcesFiltering - Copying 0 resource from src\main\resources to target\classes
2024-12-07 00:00:43,400 [Worker-13: Building] INFO  o.a.m.s.f.DefaultMavenResourcesFiltering - skip non existing resourceDirectory C:\Users\Admin\Desktop\Project_Gamers_Castle\Project_BackEnd\Gamers_Castle_Backend\src\test\resources
2024-12-07 00:00:46,655 [Worker-17: Building] INFO  o.a.m.s.f.DefaultMavenResourcesFiltering - Copying 1 resource from src\main\resources to target\classes
2024-12-07 00:00:46,662 [Worker-17: Building] INFO  o.a.m.s.f.DefaultMavenResourcesFiltering - Copying 0 resource from src\main\resources to target\classes
2024-12-07 00:00:46,667 [Worker-17: Building] INFO  o.a.m.s.f.DefaultMavenResourcesFiltering - skip non existing resourceDirectory C:\Users\Admin\Desktop\Project_Gamers_Castle\Project_BackEnd\Gamers_Castle_Backend\src\test\resources
2024-12-07 00:01:33,376 [Worker-20: Building] INFO  o.a.m.s.f.DefaultMavenResourcesFiltering - Copying 1 resource from src\main\resources to target\classes
2024-12-07 00:01:33,382 [Worker-20: Building] INFO  o.a.m.s.f.DefaultMavenResourcesFiltering - Copying 0 resource from src\main\resources to target\classes
2024-12-07 00:01:33,388 [Worker-20: Building] INFO  o.a.m.s.f.DefaultMavenResourcesFiltering - skip non existing resourceDirectory C:\Users\Admin\Desktop\Project_Gamers_Castle\Project_BackEnd\Gamers_Castle_Backend\src\test\resources
2024-12-07 00:01:44,012 [Worker-13: Building] INFO  o.a.m.s.f.DefaultMavenResourcesFiltering - Copying 1 resource from src\main\resources to target\classes
2024-12-07 00:01:44,018 [Worker-13: Building] INFO  o.a.m.s.f.DefaultMavenResourcesFiltering - Copying 0 resource from src\main\resources to target\classes
2024-12-07 00:01:44,035 [Worker-13: Building] INFO  o.a.m.s.f.DefaultMavenResourcesFiltering - skip non existing resourceDirectory C:\Users\Admin\Desktop\Project_Gamers_Castle\Project_BackEnd\Gamers_Castle_Backend\src\test\resources
2024-12-07 00:03:22,130 [Worker-6: Building] INFO  o.a.m.s.f.DefaultMavenResourcesFiltering - Copying 1 resource from src\main\resources to target\classes
2024-12-07 00:03:22,137 [Worker-6: Building] INFO  o.a.m.s.f.DefaultMavenResourcesFiltering - Copying 0 resource from src\main\resources to target\classes
2024-12-07 00:03:22,143 [Worker-6: Building] INFO  o.a.m.s.f.DefaultMavenResourcesFiltering - skip non existing resourceDirectory C:\Users\Admin\Desktop\Project_Gamers_Castle\Project_BackEnd\Gamers_Castle_Backend\src\test\resources
2024-12-07 00:03:43,437 [Worker-6: Building] INFO  o.a.m.s.f.DefaultMavenResourcesFiltering - Copying 1 resource from src\main\resources to target\classes
2024-12-07 00:03:43,443 [Worker-6: Building] INFO  o.a.m.s.f.DefaultMavenResourcesFiltering - Copying 0 resource from src\main\resources to target\classes
2024-12-07 00:03:43,447 [Worker-6: Building] INFO  o.a.m.s.f.DefaultMavenResourcesFiltering - skip non existing resourceDirectory C:\Users\Admin\Desktop\Project_Gamers_Castle\Project_BackEnd\Gamers_Castle_Backend\src\test\resources
2024-12-07 00:04:48,861 [Worker-19: Building] INFO  o.a.m.s.f.DefaultMavenResourcesFiltering - Copying 1 resource from src\main\resources to target\classes
2024-12-07 00:04:48,871 [Worker-19: Building] INFO  o.a.m.s.f.DefaultMavenResourcesFiltering - Copying 0 resource from src\main\resources to target\classes
2024-12-07 00:04:48,875 [Worker-19: Building] INFO  o.a.m.s.f.DefaultMavenResourcesFiltering - skip non existing resourceDirectory C:\Users\Admin\Desktop\Project_Gamers_Castle\Project_BackEnd\Gamers_Castle_Backend\src\test\resources
2024-12-07 00:05:54,083 [Worker-13: Building] INFO  o.a.m.s.f.DefaultMavenResourcesFiltering - Copying 1 resource from src\main\resources to target\classes
2024-12-07 00:05:54,089 [Worker-13: Building] INFO  o.a.m.s.f.DefaultMavenResourcesFiltering - Copying 0 resource from src\main\resources to target\classes
2024-12-07 00:05:54,094 [Worker-13: Building] INFO  o.a.m.s.f.DefaultMavenResourcesFiltering - skip non existing resourceDirectory C:\Users\Admin\Desktop\Project_Gamers_Castle\Project_BackEnd\Gamers_Castle_Backend\src\test\resources
2024-12-07 00:06:15,505 [Worker-6: Building] INFO  o.a.m.s.f.DefaultMavenResourcesFiltering - Copying 1 resource from src\main\resources to target\classes
2024-12-07 00:06:15,511 [Worker-6: Building] INFO  o.a.m.s.f.DefaultMavenResourcesFiltering - Copying 0 resource from src\main\resources to target\classes
2024-12-07 00:06:15,515 [Worker-6: Building] INFO  o.a.m.s.f.DefaultMavenResourcesFiltering - skip non existing resourceDirectory C:\Users\Admin\Desktop\Project_Gamers_Castle\Project_BackEnd\Gamers_Castle_Backend\src\test\resources
2024-12-07 00:07:03,148 [Worker-20: Building] INFO  o.a.m.s.f.DefaultMavenResourcesFiltering - Copying 1 resource from src\main\resources to target\classes
2024-12-07 00:07:03,158 [Worker-20: Building] INFO  o.a.m.s.f.DefaultMavenResourcesFiltering - Copying 0 resource from src\main\resources to target\classes
2024-12-07 00:07:03,162 [Worker-20: Building] INFO  o.a.m.s.f.DefaultMavenResourcesFiltering - skip non existing resourceDirectory C:\Users\Admin\Desktop\Project_Gamers_Castle\Project_BackEnd\Gamers_Castle_Backend\src\test\resources
2024-12-07 00:09:54,257 [Worker-17: Building] INFO  o.a.m.s.f.DefaultMavenResourcesFiltering - Copying 1 resource from src\main\resources to target\classes
2024-12-07 00:09:54,265 [Worker-17: Building] INFO  o.a.m.s.f.DefaultMavenResourcesFiltering - Copying 0 resource from src\main\resources to target\classes
2024-12-07 00:09:54,270 [Worker-17: Building] INFO  o.a.m.s.f.DefaultMavenResourcesFiltering - skip non existing resourceDirectory C:\Users\Admin\Desktop\Project_Gamers_Castle\Project_BackEnd\Gamers_Castle_Backend\src\test\resources
2024-12-07 00:11:14,545 [Worker-17: Building] INFO  o.a.m.s.f.DefaultMavenResourcesFiltering - Copying 1 resource from src\main\resources to target\classes
2024-12-07 00:11:14,553 [Worker-17: Building] INFO  o.a.m.s.f.DefaultMavenResourcesFiltering - Copying 0 resource from src\main\resources to target\classes
2024-12-07 00:11:14,558 [Worker-17: Building] INFO  o.a.m.s.f.DefaultMavenResourcesFiltering - skip non existing resourceDirectory C:\Users\Admin\Desktop\Project_Gamers_Castle\Project_BackEnd\Gamers_Castle_Backend\src\test\resources
2024-12-07 00:11:24,542 [Worker-22: Building] INFO  o.a.m.s.f.DefaultMavenResourcesFiltering - Copying 1 resource from src\main\resources to target\classes
2024-12-07 00:11:24,548 [Worker-22: Building] INFO  o.a.m.s.f.DefaultMavenResourcesFiltering - Copying 0 resource from src\main\resources to target\classes
2024-12-07 00:11:24,552 [Worker-22: Building] INFO  o.a.m.s.f.DefaultMavenResourcesFiltering - skip non existing resourceDirectory C:\Users\Admin\Desktop\Project_Gamers_Castle\Project_BackEnd\Gamers_Castle_Backend\src\test\resources
2024-12-07 00:12:14,541 [Worker-24: Building] INFO  o.a.m.s.f.DefaultMavenResourcesFiltering - Copying 1 resource from src\main\resources to target\classes
2024-12-07 00:12:14,551 [Worker-24: Building] INFO  o.a.m.s.f.DefaultMavenResourcesFiltering - Copying 0 resource from src\main\resources to target\classes
2024-12-07 00:12:14,559 [Worker-24: Building] INFO  o.a.m.s.f.DefaultMavenResourcesFiltering - skip non existing resourceDirectory C:\Users\Admin\Desktop\Project_Gamers_Castle\Project_BackEnd\Gamers_Castle_Backend\src\test\resources
2024-12-07 00:12:31,952 [Worker-22: Building] INFO  o.a.m.s.f.DefaultMavenResourcesFiltering - Copying 1 resource from src\main\resources to target\classes
2024-12-07 00:12:31,959 [Worker-22: Building] INFO  o.a.m.s.f.DefaultMavenResourcesFiltering - Copying 0 resource from src\main\resources to target\classes
2024-12-07 00:12:31,964 [Worker-22: Building] INFO  o.a.m.s.f.DefaultMavenResourcesFiltering - skip non existing resourceDirectory C:\Users\Admin\Desktop\Project_Gamers_Castle\Project_BackEnd\Gamers_Castle_Backend\src\test\resources
2024-12-07 00:14:19,095 [Worker-6: Building] INFO  o.a.m.s.f.DefaultMavenResourcesFiltering - Copying 1 resource from src\main\resources to target\classes
2024-12-07 00:14:19,102 [Worker-6: Building] INFO  o.a.m.s.f.DefaultMavenResourcesFiltering - Copying 0 resource from src\main\resources to target\classes
2024-12-07 00:14:19,107 [Worker-6: Building] INFO  o.a.m.s.f.DefaultMavenResourcesFiltering - skip non existing resourceDirectory C:\Users\Admin\Desktop\Project_Gamers_Castle\Project_BackEnd\Gamers_Castle_Backend\src\test\resources
2024-12-07 00:15:59,148 [Worker-24: Building] INFO  o.a.m.s.f.DefaultMavenResourcesFiltering - Copying 1 resource from src\main\resources to target\classes
2024-12-07 00:15:59,158 [Worker-24: Building] INFO  o.a.m.s.f.DefaultMavenResourcesFiltering - Copying 0 resource from src\main\resources to target\classes
2024-12-07 00:15:59,162 [Worker-24: Building] INFO  o.a.m.s.f.DefaultMavenResourcesFiltering - skip non existing resourceDirectory C:\Users\Admin\Desktop\Project_Gamers_Castle\Project_BackEnd\Gamers_Castle_Backend\src\test\resources
2024-12-07 00:16:52,566 [Worker-24: Building] INFO  o.a.m.s.f.DefaultMavenResourcesFiltering - Copying 1 resource from src\main\resources to target\classes
2024-12-07 00:16:52,574 [Worker-24: Building] INFO  o.a.m.s.f.DefaultMavenResourcesFiltering - Copying 0 resource from src\main\resources to target\classes
2024-12-07 00:16:52,578 [Worker-24: Building] INFO  o.a.m.s.f.DefaultMavenResourcesFiltering - skip non existing resourceDirectory C:\Users\Admin\Desktop\Project_Gamers_Castle\Project_BackEnd\Gamers_Castle_Backend\src\test\resources
2024-12-07 00:16:54,874 [Worker-25: Building] INFO  o.a.m.s.f.DefaultMavenResourcesFiltering - Copying 1 resource from src\main\resources to target\classes
2024-12-07 00:16:54,880 [Worker-25: Building] INFO  o.a.m.s.f.DefaultMavenResourcesFiltering - Copying 0 resource from src\main\resources to target\classes
2024-12-07 00:16:54,884 [Worker-25: Building] INFO  o.a.m.s.f.DefaultMavenResourcesFiltering - skip non existing resourceDirectory C:\Users\Admin\Desktop\Project_Gamers_Castle\Project_BackEnd\Gamers_Castle_Backend\src\test\resources
2024-12-07 00:18:16,185 [Worker-6: Building] INFO  o.a.m.s.f.DefaultMavenResourcesFiltering - Copying 1 resource from src\main\resources to target\classes
2024-12-07 00:18:16,197 [Worker-6: Building] INFO  o.a.m.s.f.DefaultMavenResourcesFiltering - Copying 0 resource from src\main\resources to target\classes
2024-12-07 00:18:16,204 [Worker-6: Building] INFO  o.a.m.s.f.DefaultMavenResourcesFiltering - skip non existing resourceDirectory C:\Users\Admin\Desktop\Project_Gamers_Castle\Project_BackEnd\Gamers_Castle_Backend\src\test\resources
2024-12-07 00:19:08,183 [Worker-22: Building] INFO  o.a.m.s.f.DefaultMavenResourcesFiltering - Copying 1 resource from src\main\resources to target\classes
2024-12-07 00:19:08,189 [Worker-22: Building] INFO  o.a.m.s.f.DefaultMavenResourcesFiltering - Copying 0 resource from src\main\resources to target\classes
2024-12-07 00:19:08,193 [Worker-22: Building] INFO  o.a.m.s.f.DefaultMavenResourcesFiltering - skip non existing resourceDirectory C:\Users\Admin\Desktop\Project_Gamers_Castle\Project_BackEnd\Gamers_Castle_Backend\src\test\resources
2024-12-07 00:19:22,948 [Worker-22: Building] INFO  o.a.m.s.f.DefaultMavenResourcesFiltering - Copying 1 resource from src\main\resources to target\classes
2024-12-07 00:19:22,953 [Worker-22: Building] INFO  o.a.m.s.f.DefaultMavenResourcesFiltering - Copying 0 resource from src\main\resources to target\classes
2024-12-07 00:19:22,958 [Worker-22: Building] INFO  o.a.m.s.f.DefaultMavenResourcesFiltering - skip non existing resourceDirectory C:\Users\Admin\Desktop\Project_Gamers_Castle\Project_BackEnd\Gamers_Castle_Backend\src\test\resources
2024-12-07 00:19:43,524 [Worker-6: Building] INFO  o.a.m.s.f.DefaultMavenResourcesFiltering - Copying 1 resource from src\main\resources to target\classes
2024-12-07 00:19:43,530 [Worker-6: Building] INFO  o.a.m.s.f.DefaultMavenResourcesFiltering - Copying 0 resource from src\main\resources to target\classes
2024-12-07 00:19:43,535 [Worker-6: Building] INFO  o.a.m.s.f.DefaultMavenResourcesFiltering - skip non existing resourceDirectory C:\Users\Admin\Desktop\Project_Gamers_Castle\Project_BackEnd\Gamers_Castle_Backend\src\test\resources
2024-12-07 00:20:01,348 [Worker-24: Building] INFO  o.a.m.s.f.DefaultMavenResourcesFiltering - Copying 1 resource from src\main\resources to target\classes
2024-12-07 00:20:01,379 [Worker-24: Building] INFO  o.a.m.s.f.DefaultMavenResourcesFiltering - Copying 0 resource from src\main\resources to target\classes
2024-12-07 00:20:01,383 [Worker-24: Building] INFO  o.a.m.s.f.DefaultMavenResourcesFiltering - skip non existing resourceDirectory C:\Users\Admin\Desktop\Project_Gamers_Castle\Project_BackEnd\Gamers_Castle_Backend\src\test\resources
2024-12-07 00:21:41,885 [Worker-25: Building] INFO  o.a.m.s.f.DefaultMavenResourcesFiltering - Copying 1 resource from src\main\resources to target\classes
2024-12-07 00:21:41,895 [Worker-25: Building] INFO  o.a.m.s.f.DefaultMavenResourcesFiltering - Copying 0 resource from src\main\resources to target\classes
2024-12-07 00:21:41,901 [Worker-25: Building] INFO  o.a.m.s.f.DefaultMavenResourcesFiltering - skip non existing resourceDirectory C:\Users\Admin\Desktop\Project_Gamers_Castle\Project_BackEnd\Gamers_Castle_Backend\src\test\resources
2024-12-07 00:21:51,575 [Worker-6: Building] INFO  o.a.m.s.f.DefaultMavenResourcesFiltering - Copying 1 resource from src\main\resources to target\classes
2024-12-07 00:21:51,585 [Worker-6: Building] INFO  o.a.m.s.f.DefaultMavenResourcesFiltering - Copying 0 resource from src\main\resources to target\classes
2024-12-07 00:21:51,590 [Worker-6: Building] INFO  o.a.m.s.f.DefaultMavenResourcesFiltering - skip non existing resourceDirectory C:\Users\Admin\Desktop\Project_Gamers_Castle\Project_BackEnd\Gamers_Castle_Backend\src\test\resources
2024-12-07 00:23:28,522 [Worker-24: Building] INFO  o.a.m.s.f.DefaultMavenResourcesFiltering - Copying 1 resource from src\main\resources to target\classes
2024-12-07 00:23:28,538 [Worker-24: Building] INFO  o.a.m.s.f.DefaultMavenResourcesFiltering - Copying 0 resource from src\main\resources to target\classes
2024-12-07 00:23:28,544 [Worker-24: Building] INFO  o.a.m.s.f.DefaultMavenResourcesFiltering - skip non existing resourceDirectory C:\Users\Admin\Desktop\Project_Gamers_Castle\Project_BackEnd\Gamers_Castle_Backend\src\test\resources
2024-12-07 00:24:31,252 [Worker-6: Updating Maven Project] INFO  o.e.m.c.i.p.ProjectConfigurationManager - Update started
2024-12-07 00:24:32,490 [Worker-6: Updating Maven Project] INFO  o.e.m.c.i.l.LifecycleMappingFactory - Using org.eclipse.m2e.jdt.JarLifecycleMapping lifecycle mapping for MavenProject: com.Gamers_Castle:Gamers_Castle_Backend:0.0.1-SNAPSHOT @ C:\Users\Admin\Desktop\Project_Gamers_Castle\Project_BackEnd\Gamers_Castle_Backend\pom.xml.
2024-12-07 00:24:34,375 [Worker-6: Updating Maven Project] INFO  o.e.m.j.i.AbstractJavaProjectConfigurator - Adding source folder /Gamers_Castle_Backend/src/main/java
2024-12-07 00:24:34,377 [Worker-6: Updating Maven Project] INFO  o.e.m.j.i.AbstractJavaProjectConfigurator - Adding resource folder /Gamers_Castle_Backend/src/main/resources
2024-12-07 00:24:34,378 [Worker-6: Updating Maven Project] INFO  o.e.m.j.i.AbstractJavaProjectConfigurator - Adding resource folder /Gamers_Castle_Backend/src/main/resources
2024-12-07 00:24:34,379 [Worker-6: Updating Maven Project] INFO  o.e.m.j.i.AbstractJavaProjectConfigurator - Adding source folder /Gamers_Castle_Backend/src/test/java
2024-12-07 00:24:34,381 [Worker-6: Updating Maven Project] INFO  o.e.m.j.i.AbstractJavaProjectConfigurator - Adding resource folder /Gamers_Castle_Backend/src/test/resources
2024-12-07 00:24:35,201 [Worker-6: Updating Maven Project] INFO  o.e.m.c.i.p.ProjectConfigurationManager - Update completed for 1 poms: local refresh takes 0.00 sec, refresh facades takes 3.00 sec, update config takes 0.00 sec 
2024-12-07 00:24:35,990 [Worker-6: Building] INFO  o.a.m.s.f.DefaultMavenResourcesFiltering - Copying 1 resource from src\main\resources to target\classes
2024-12-07 00:24:36,023 [Worker-6: Building] INFO  o.a.m.s.f.DefaultMavenResourcesFiltering - Copying 0 resource from src\main\resources to target\classes
2024-12-07 00:24:36,031 [Worker-6: Building] INFO  o.a.m.s.f.DefaultMavenResourcesFiltering - skip non existing resourceDirectory C:\Users\Admin\Desktop\Project_Gamers_Castle\Project_BackEnd\Gamers_Castle_Backend\src\test\resources
2024-12-07 00:25:10,699 [main] INFO  o.e.m2e.actions.ExecutePomAction - Creating new launch configuration
2024-12-07 00:25:17,020 [Worker-24: Launching Gamers_Castle_Backend (1)] INFO  o.eclipse.m2e.core.internal.Bundles - getClasspathEntries(Bundle=org.eclipse.m2e.maven.runtime_3.9.900.20240824-1409 [360])
2024-12-07 00:25:17,022 [Worker-24: Launching Gamers_Castle_Backend (1)] INFO  o.eclipse.m2e.core.internal.Bundles - 	Entry: C:\Users\Admin\Downloads\sts-4.26.0.RELEASE\plugins\org.eclipse.m2e.maven.runtime_3.9.900.20240824-1409
2024-12-07 00:25:17,022 [Worker-24: Launching Gamers_Castle_Backend (1)] INFO  o.eclipse.m2e.core.internal.Bundles - 	Entry: C:\Users\Admin\Downloads\sts-4.26.0.RELEASE\plugins\org.eclipse.m2e.maven.runtime_3.9.900.20240824-1409\jars\aopalliance-1.0.jar
2024-12-07 00:25:17,023 [Worker-24: Launching Gamers_Castle_Backend (1)] INFO  o.eclipse.m2e.core.internal.Bundles - 	Entry: C:\Users\Admin\Downloads\sts-4.26.0.RELEASE\plugins\org.eclipse.m2e.maven.runtime_3.9.900.20240824-1409\jars\guice-5.1.0.jar
2024-12-07 00:25:17,023 [Worker-24: Launching Gamers_Castle_Backend (1)] INFO  o.eclipse.m2e.core.internal.Bundles - 	Entry: C:\Users\Admin\Downloads\sts-4.26.0.RELEASE\plugins\org.eclipse.m2e.maven.runtime_3.9.900.20240824-1409\jars\httpclient-4.5.14.jar
2024-12-07 00:25:17,024 [Worker-24: Launching Gamers_Castle_Backend (1)] INFO  o.eclipse.m2e.core.internal.Bundles - 	Entry: C:\Users\Admin\Downloads\sts-4.26.0.RELEASE\plugins\org.eclipse.m2e.maven.runtime_3.9.900.20240824-1409\jars\httpcore-4.4.16.jar
2024-12-07 00:25:17,024 [Worker-24: Launching Gamers_Castle_Backend (1)] INFO  o.eclipse.m2e.core.internal.Bundles - 	Entry: C:\Users\Admin\Downloads\sts-4.26.0.RELEASE\plugins\org.eclipse.m2e.maven.runtime_3.9.900.20240824-1409\jars\jansi-2.4.1.jar
2024-12-07 00:25:17,025 [Worker-24: Launching Gamers_Castle_Backend (1)] INFO  o.eclipse.m2e.core.internal.Bundles - 	Entry: C:\Users\Admin\Downloads\sts-4.26.0.RELEASE\plugins\org.eclipse.m2e.maven.runtime_3.9.900.20240824-1409\jars\jcl-over-slf4j-1.7.36.jar
2024-12-07 00:25:17,025 [Worker-24: Launching Gamers_Castle_Backend (1)] INFO  o.eclipse.m2e.core.internal.Bundles - 	Entry: C:\Users\Admin\Downloads\sts-4.26.0.RELEASE\plugins\org.eclipse.m2e.maven.runtime_3.9.900.20240824-1409\jars\maven-artifact-3.9.9.jar
2024-12-07 00:25:17,025 [Worker-24: Launching Gamers_Castle_Backend (1)] INFO  o.eclipse.m2e.core.internal.Bundles - 	Entry: C:\Users\Admin\Downloads\sts-4.26.0.RELEASE\plugins\org.eclipse.m2e.maven.runtime_3.9.900.20240824-1409\jars\maven-builder-support-3.9.9.jar
2024-12-07 00:25:17,026 [Worker-24: Launching Gamers_Castle_Backend (1)] INFO  o.eclipse.m2e.core.internal.Bundles - 	Entry: C:\Users\Admin\Downloads\sts-4.26.0.RELEASE\plugins\org.eclipse.m2e.maven.runtime_3.9.900.20240824-1409\jars\maven-compat-3.9.9.jar
2024-12-07 00:25:17,027 [Worker-24: Launching Gamers_Castle_Backend (1)] INFO  o.eclipse.m2e.core.internal.Bundles - 	Entry: C:\Users\Admin\Downloads\sts-4.26.0.RELEASE\plugins\org.eclipse.m2e.maven.runtime_3.9.900.20240824-1409\jars\maven-core-3.9.9.jar
2024-12-07 00:25:17,028 [Worker-24: Launching Gamers_Castle_Backend (1)] INFO  o.eclipse.m2e.core.internal.Bundles - 	Entry: C:\Users\Admin\Downloads\sts-4.26.0.RELEASE\plugins\org.eclipse.m2e.maven.runtime_3.9.900.20240824-1409\jars\maven-embedder-3.9.9.jar
2024-12-07 00:25:17,029 [Worker-24: Launching Gamers_Castle_Backend (1)] INFO  o.eclipse.m2e.core.internal.Bundles - 	Entry: C:\Users\Admin\Downloads\sts-4.26.0.RELEASE\plugins\org.eclipse.m2e.maven.runtime_3.9.900.20240824-1409\jars\maven-model-3.9.9.jar
2024-12-07 00:25:17,030 [Worker-24: Launching Gamers_Castle_Backend (1)] INFO  o.eclipse.m2e.core.internal.Bundles - 	Entry: C:\Users\Admin\Downloads\sts-4.26.0.RELEASE\plugins\org.eclipse.m2e.maven.runtime_3.9.900.20240824-1409\jars\maven-model-builder-3.9.9.jar
2024-12-07 00:25:17,031 [Worker-24: Launching Gamers_Castle_Backend (1)] INFO  o.eclipse.m2e.core.internal.Bundles - 	Entry: C:\Users\Admin\Downloads\sts-4.26.0.RELEASE\plugins\org.eclipse.m2e.maven.runtime_3.9.900.20240824-1409\jars\maven-plugin-api-3.9.9.jar
2024-12-07 00:25:17,031 [Worker-24: Launching Gamers_Castle_Backend (1)] INFO  o.eclipse.m2e.core.internal.Bundles - 	Entry: C:\Users\Admin\Downloads\sts-4.26.0.RELEASE\plugins\org.eclipse.m2e.maven.runtime_3.9.900.20240824-1409\jars\maven-repository-metadata-3.9.9.jar
2024-12-07 00:25:17,031 [Worker-24: Launching Gamers_Castle_Backend (1)] INFO  o.eclipse.m2e.core.internal.Bundles - 	Entry: C:\Users\Admin\Downloads\sts-4.26.0.RELEASE\plugins\org.eclipse.m2e.maven.runtime_3.9.900.20240824-1409\jars\maven-resolver-api-1.9.22.jar
2024-12-07 00:25:17,032 [Worker-24: Launching Gamers_Castle_Backend (1)] INFO  o.eclipse.m2e.core.internal.Bundles - 	Entry: C:\Users\Admin\Downloads\sts-4.26.0.RELEASE\plugins\org.eclipse.m2e.maven.runtime_3.9.900.20240824-1409\jars\maven-resolver-connector-basic-1.9.22.jar
2024-12-07 00:25:17,032 [Worker-24: Launching Gamers_Castle_Backend (1)] INFO  o.eclipse.m2e.core.internal.Bundles - 	Entry: C:\Users\Admin\Downloads\sts-4.26.0.RELEASE\plugins\org.eclipse.m2e.maven.runtime_3.9.900.20240824-1409\jars\maven-resolver-impl-1.9.22.jar
2024-12-07 00:25:17,033 [Worker-24: Launching Gamers_Castle_Backend (1)] INFO  o.eclipse.m2e.core.internal.Bundles - 	Entry: C:\Users\Admin\Downloads\sts-4.26.0.RELEASE\plugins\org.eclipse.m2e.maven.runtime_3.9.900.20240824-1409\jars\maven-resolver-named-locks-1.9.22.jar
2024-12-07 00:25:17,033 [Worker-24: Launching Gamers_Castle_Backend (1)] INFO  o.eclipse.m2e.core.internal.Bundles - 	Entry: C:\Users\Admin\Downloads\sts-4.26.0.RELEASE\plugins\org.eclipse.m2e.maven.runtime_3.9.900.20240824-1409\jars\maven-resolver-provider-3.9.9.jar
2024-12-07 00:25:17,033 [Worker-24: Launching Gamers_Castle_Backend (1)] INFO  o.eclipse.m2e.core.internal.Bundles - 	Entry: C:\Users\Admin\Downloads\sts-4.26.0.RELEASE\plugins\org.eclipse.m2e.maven.runtime_3.9.900.20240824-1409\jars\maven-resolver-spi-1.9.22.jar
2024-12-07 00:25:17,033 [Worker-24: Launching Gamers_Castle_Backend (1)] INFO  o.eclipse.m2e.core.internal.Bundles - 	Entry: C:\Users\Admin\Downloads\sts-4.26.0.RELEASE\plugins\org.eclipse.m2e.maven.runtime_3.9.900.20240824-1409\jars\maven-resolver-transport-file-1.9.22.jar
2024-12-07 00:25:17,034 [Worker-24: Launching Gamers_Castle_Backend (1)] INFO  o.eclipse.m2e.core.internal.Bundles - 	Entry: C:\Users\Admin\Downloads\sts-4.26.0.RELEASE\plugins\org.eclipse.m2e.maven.runtime_3.9.900.20240824-1409\jars\maven-resolver-transport-http-1.9.22.jar
2024-12-07 00:25:17,034 [Worker-24: Launching Gamers_Castle_Backend (1)] INFO  o.eclipse.m2e.core.internal.Bundles - 	Entry: C:\Users\Admin\Downloads\sts-4.26.0.RELEASE\plugins\org.eclipse.m2e.maven.runtime_3.9.900.20240824-1409\jars\maven-resolver-transport-wagon-1.9.22.jar
2024-12-07 00:25:17,035 [Worker-24: Launching Gamers_Castle_Backend (1)] INFO  o.eclipse.m2e.core.internal.Bundles - 	Entry: C:\Users\Admin\Downloads\sts-4.26.0.RELEASE\plugins\org.eclipse.m2e.maven.runtime_3.9.900.20240824-1409\jars\maven-resolver-util-1.9.22.jar
2024-12-07 00:25:17,035 [Worker-24: Launching Gamers_Castle_Backend (1)] INFO  o.eclipse.m2e.core.internal.Bundles - 	Entry: C:\Users\Admin\Downloads\sts-4.26.0.RELEASE\plugins\org.eclipse.m2e.maven.runtime_3.9.900.20240824-1409\jars\maven-settings-3.9.9.jar
2024-12-07 00:25:17,035 [Worker-24: Launching Gamers_Castle_Backend (1)] INFO  o.eclipse.m2e.core.internal.Bundles - 	Entry: C:\Users\Admin\Downloads\sts-4.26.0.RELEASE\plugins\org.eclipse.m2e.maven.runtime_3.9.900.20240824-1409\jars\maven-settings-builder-3.9.9.jar
2024-12-07 00:25:17,036 [Worker-24: Launching Gamers_Castle_Backend (1)] INFO  o.eclipse.m2e.core.internal.Bundles - 	Entry: C:\Users\Admin\Downloads\sts-4.26.0.RELEASE\plugins\org.eclipse.m2e.maven.runtime_3.9.900.20240824-1409\jars\maven-shared-utils-3.4.2.jar
2024-12-07 00:25:17,036 [Worker-24: Launching Gamers_Castle_Backend (1)] INFO  o.eclipse.m2e.core.internal.Bundles - 	Entry: C:\Users\Admin\Downloads\sts-4.26.0.RELEASE\plugins\org.eclipse.m2e.maven.runtime_3.9.900.20240824-1409\jars\org.eclipse.sisu.inject-0.9.0.M3.jar
2024-12-07 00:25:17,037 [Worker-24: Launching Gamers_Castle_Backend (1)] INFO  o.eclipse.m2e.core.internal.Bundles - 	Entry: C:\Users\Admin\Downloads\sts-4.26.0.RELEASE\plugins\org.eclipse.m2e.maven.runtime_3.9.900.20240824-1409\jars\org.eclipse.sisu.plexus-0.9.0.M3.jar
2024-12-07 00:25:17,038 [Worker-24: Launching Gamers_Castle_Backend (1)] INFO  o.eclipse.m2e.core.internal.Bundles - 	Entry: C:\Users\Admin\Downloads\sts-4.26.0.RELEASE\plugins\org.eclipse.m2e.maven.runtime_3.9.900.20240824-1409\jars\plexus-build-api-0.0.7.jar
2024-12-07 00:25:17,039 [Worker-24: Launching Gamers_Castle_Backend (1)] INFO  o.eclipse.m2e.core.internal.Bundles - 	Entry: C:\Users\Admin\Downloads\sts-4.26.0.RELEASE\plugins\org.eclipse.m2e.maven.runtime_3.9.900.20240824-1409\jars\plexus-build-api-1.2.0.jar
2024-12-07 00:25:17,040 [Worker-24: Launching Gamers_Castle_Backend (1)] INFO  o.eclipse.m2e.core.internal.Bundles - 	Entry: C:\Users\Admin\Downloads\sts-4.26.0.RELEASE\plugins\org.eclipse.m2e.maven.runtime_3.9.900.20240824-1409\jars\plexus-cipher-2.0.jar
2024-12-07 00:25:17,041 [Worker-24: Launching Gamers_Castle_Backend (1)] INFO  o.eclipse.m2e.core.internal.Bundles - 	Entry: C:\Users\Admin\Downloads\sts-4.26.0.RELEASE\plugins\org.eclipse.m2e.maven.runtime_3.9.900.20240824-1409\jars\plexus-classworlds-2.8.0.jar
2024-12-07 00:25:17,041 [Worker-24: Launching Gamers_Castle_Backend (1)] INFO  o.eclipse.m2e.core.internal.Bundles - 	Entry: C:\Users\Admin\Downloads\sts-4.26.0.RELEASE\plugins\org.eclipse.m2e.maven.runtime_3.9.900.20240824-1409\jars\plexus-component-annotations-2.1.0.jar
2024-12-07 00:25:17,042 [Worker-24: Launching Gamers_Castle_Backend (1)] INFO  o.eclipse.m2e.core.internal.Bundles - 	Entry: C:\Users\Admin\Downloads\sts-4.26.0.RELEASE\plugins\org.eclipse.m2e.maven.runtime_3.9.900.20240824-1409\jars\plexus-interpolation-1.27.jar
2024-12-07 00:25:17,042 [Worker-24: Launching Gamers_Castle_Backend (1)] INFO  o.eclipse.m2e.core.internal.Bundles - 	Entry: C:\Users\Admin\Downloads\sts-4.26.0.RELEASE\plugins\org.eclipse.m2e.maven.runtime_3.9.900.20240824-1409\jars\plexus-sec-dispatcher-2.0.jar
2024-12-07 00:25:17,043 [Worker-24: Launching Gamers_Castle_Backend (1)] INFO  o.eclipse.m2e.core.internal.Bundles - 	Entry: C:\Users\Admin\Downloads\sts-4.26.0.RELEASE\plugins\org.eclipse.m2e.maven.runtime_3.9.900.20240824-1409\jars\plexus-utils-3.5.1.jar
2024-12-07 00:25:17,044 [Worker-24: Launching Gamers_Castle_Backend (1)] INFO  o.eclipse.m2e.core.internal.Bundles - 	Entry: C:\Users\Admin\Downloads\sts-4.26.0.RELEASE\plugins\org.eclipse.m2e.maven.runtime_3.9.900.20240824-1409\jars\plexus-xml-3.0.1.jar
2024-12-07 00:25:17,045 [Worker-24: Launching Gamers_Castle_Backend (1)] INFO  o.eclipse.m2e.core.internal.Bundles - 	Entry: C:\Users\Admin\Downloads\sts-4.26.0.RELEASE\plugins\org.eclipse.m2e.maven.runtime_3.9.900.20240824-1409\jars\wagon-file-3.5.3.jar
2024-12-07 00:25:17,046 [Worker-24: Launching Gamers_Castle_Backend (1)] INFO  o.eclipse.m2e.core.internal.Bundles - 	Entry: C:\Users\Admin\Downloads\sts-4.26.0.RELEASE\plugins\org.eclipse.m2e.maven.runtime_3.9.900.20240824-1409\jars\wagon-http-3.5.3.jar
2024-12-07 00:25:17,046 [Worker-24: Launching Gamers_Castle_Backend (1)] INFO  o.eclipse.m2e.core.internal.Bundles - 	Entry: C:\Users\Admin\Downloads\sts-4.26.0.RELEASE\plugins\org.eclipse.m2e.maven.runtime_3.9.900.20240824-1409\jars\wagon-http-shared-3.5.3.jar
2024-12-07 00:25:17,046 [Worker-24: Launching Gamers_Castle_Backend (1)] INFO  o.eclipse.m2e.core.internal.Bundles - 	Entry: C:\Users\Admin\Downloads\sts-4.26.0.RELEASE\plugins\org.eclipse.m2e.maven.runtime_3.9.900.20240824-1409\jars\wagon-provider-api-3.5.3.jar
2024-12-07 00:25:17,046 [Worker-24: Launching Gamers_Castle_Backend (1)] INFO  o.eclipse.m2e.core.internal.Bundles - getClasspathEntries(Bundle=com.google.guava_33.3.0.jre [29])
2024-12-07 00:25:17,047 [Worker-24: Launching Gamers_Castle_Backend (1)] INFO  o.eclipse.m2e.core.internal.Bundles - 	Entry: C:\Users\Admin\Downloads\sts-4.26.0.RELEASE\plugins\com.google.guava_33.3.0.jre.jar
2024-12-07 00:25:17,047 [Worker-24: Launching Gamers_Castle_Backend (1)] INFO  o.eclipse.m2e.core.internal.Bundles - getClasspathEntries(Bundle=slf4j.api_2.0.16 [593])
2024-12-07 00:25:17,048 [Worker-24: Launching Gamers_Castle_Backend (1)] INFO  o.eclipse.m2e.core.internal.Bundles - 	Entry: C:\Users\Admin\Downloads\sts-4.26.0.RELEASE\plugins\slf4j.api_2.0.16.jar
2024-12-07 00:25:17,048 [Worker-24: Launching Gamers_Castle_Backend (1)] INFO  o.eclipse.m2e.core.internal.Bundles - getClasspathEntries(Bundle=jakarta.inject.jakarta.inject-api_1.0.5 [45])
2024-12-07 00:25:17,049 [Worker-24: Launching Gamers_Castle_Backend (1)] INFO  o.eclipse.m2e.core.internal.Bundles - 	Entry: C:\Users\Admin\Downloads\sts-4.26.0.RELEASE\plugins\jakarta.inject.jakarta.inject-api_1.0.5.jar
2024-12-07 00:25:17,049 [Worker-24: Launching Gamers_Castle_Backend (1)] INFO  o.eclipse.m2e.core.internal.Bundles - getClasspathEntries(Bundle=jakarta.annotation-api_1.3.5 [41])
2024-12-07 00:25:17,050 [Worker-24: Launching Gamers_Castle_Backend (1)] INFO  o.eclipse.m2e.core.internal.Bundles - 	Entry: C:\Users\Admin\Downloads\sts-4.26.0.RELEASE\plugins\jakarta.annotation-api_1.3.5.jar
2024-12-07 00:25:17,051 [Worker-24: Launching Gamers_Castle_Backend (1)] INFO  o.eclipse.m2e.core.internal.Bundles - getClasspathEntries(Bundle=org.apache.commons.cli_1.9.0 [77])
2024-12-07 00:25:17,052 [Worker-24: Launching Gamers_Castle_Backend (1)] INFO  o.eclipse.m2e.core.internal.Bundles - 	Entry: C:\Users\Admin\Downloads\sts-4.26.0.RELEASE\plugins\org.apache.commons.cli_1.9.0.jar
2024-12-07 00:25:17,052 [Worker-24: Launching Gamers_Castle_Backend (1)] INFO  o.eclipse.m2e.core.internal.Bundles - getClasspathEntries(Bundle=org.apache.commons.commons-codec_1.16.0 [80])
2024-12-07 00:25:17,053 [Worker-24: Launching Gamers_Castle_Backend (1)] INFO  o.eclipse.m2e.core.internal.Bundles - 	Entry: C:\Users\Admin\Downloads\sts-4.26.0.RELEASE\plugins\org.apache.commons.commons-codec_1.16.0.jar
2024-12-07 00:25:17,053 [Worker-24: Launching Gamers_Castle_Backend (1)] INFO  o.eclipse.m2e.core.internal.Bundles - getClasspathEntries(Bundle=com.google.guava.failureaccess_1.0.2 [30])
2024-12-07 00:25:17,054 [Worker-24: Launching Gamers_Castle_Backend (1)] INFO  o.eclipse.m2e.core.internal.Bundles - 	Entry: C:\Users\Admin\Downloads\sts-4.26.0.RELEASE\plugins\com.google.guava.failureaccess_1.0.2.jar
2024-12-07 00:25:17,057 [Worker-24: Launching Gamers_Castle_Backend (1)] INFO  o.e.m.i.launch.MavenLaunchDelegate - Run build in "C:\Users\Admin\Desktop\Project_Gamers_Castle\Project_BackEnd\Gamers_Castle_Backend":
2024-12-07 00:25:17,058 [Worker-24: Launching Gamers_Castle_Backend (1)] INFO  o.e.m.i.launch.MavenLaunchDelegate -  mvn  -Ppom.xml -B -Dmaven.test.skip=true -DskipTests -Dstyle.color=always clean compile
2024-12-07 00:29:44,697 [Worker-26: Building] INFO  o.a.m.s.f.DefaultMavenResourcesFiltering - Copying 1 resource from src\main\resources to target\classes
2024-12-07 00:29:44,734 [Worker-26: Building] INFO  o.a.m.s.f.DefaultMavenResourcesFiltering - Copying 0 resource from src\main\resources to target\classes
2024-12-07 00:29:44,739 [Worker-26: Building] INFO  o.a.m.s.f.DefaultMavenResourcesFiltering - skip non existing resourceDirectory C:\Users\Admin\Desktop\Project_Gamers_Castle\Project_BackEnd\Gamers_Castle_Backend\src\test\resources
2024-12-07 00:29:58,610 [Worker-6: Building] INFO  o.a.m.s.f.DefaultMavenResourcesFiltering - Copying 1 resource from src\main\resources to target\classes
2024-12-07 00:29:58,624 [Worker-6: Building] INFO  o.a.m.s.f.DefaultMavenResourcesFiltering - Copying 0 resource from src\main\resources to target\classes
2024-12-07 00:29:58,631 [Worker-6: Building] INFO  o.a.m.s.f.DefaultMavenResourcesFiltering - skip non existing resourceDirectory C:\Users\Admin\Desktop\Project_Gamers_Castle\Project_BackEnd\Gamers_Castle_Backend\src\test\resources
2024-12-07 10:29:57,906 [Worker-0: Loading available Gradle versions] INFO  o.e.b.c.i.u.g.PublishedGradleVersions - Gradle version information cache is up-to-date. Trying to read.
2024-12-07 10:32:00,624 [Worker-12: Updating Maven Dependencies] INFO  o.e.m.c.i.l.LifecycleMappingFactory - Using org.eclipse.m2e.jdt.JarLifecycleMapping lifecycle mapping for MavenProject: com.Gamers_Castle:Gamers_Castle_Backend:0.0.1-SNAPSHOT @ C:\Users\Admin\Desktop\Project_Gamers_Castle\Project_BackEnd\Gamers_Castle_Backend\pom.xml.
2024-12-07 10:32:00,721 [Worker-9: Building] INFO  o.e.m.c.i.l.LifecycleMappingFactory - Using org.eclipse.m2e.jdt.JarLifecycleMapping lifecycle mapping for MavenProject: com.Gamers_Castle:Gamers_Castle_Backend:0.0.1-SNAPSHOT @ C:\Users\Admin\Desktop\Project_Gamers_Castle\Project_BackEnd\Gamers_Castle_Backend\pom.xml.
2024-12-07 10:32:06,475 [Worker-10: Updating Maven Dependencies] INFO  o.e.m.c.i.l.LifecycleMappingFactory - Using org.eclipse.m2e.jdt.JarLifecycleMapping lifecycle mapping for MavenProject: com.Gamers_Castle:Gamers_Castle_Backend:0.0.1-SNAPSHOT @ C:\Users\Admin\Desktop\Project_Gamers_Castle\Project_BackEnd\Gamers_Castle_Backend\pom.xml.
2024-12-07 12:15:24,235 [Worker-10: Building] INFO  o.a.m.s.f.DefaultMavenResourcesFiltering - Copying 1 resource from src\main\resources to target\classes
2024-12-07 12:15:24,309 [Worker-10: Building] INFO  o.a.m.s.f.DefaultMavenResourcesFiltering - Copying 0 resource from src\main\resources to target\classes
2024-12-07 12:15:24,318 [Worker-10: Building] INFO  o.a.m.s.f.DefaultMavenResourcesFiltering - skip non existing resourceDirectory C:\Users\Admin\Desktop\Project_Gamers_Castle\Project_BackEnd\Gamers_Castle_Backend\src\test\resources
